<?xml version="1.0" encoding="UTF-8"?>
<!-- Generated by org.testng.reporters.JUnitReportReporter -->
<testsuite hostname="nani" failures="0" tests="1" name="testCases.LoginTest" time="0.810" errors="0" timestamp="2025-01-24T11:06:57 IST" skipped="0">
  <testcase classname="testCases.LoginTest" name="testLogin" time="0.810"/>
  <system-out/>
</testsuite> <!-- testCases.LoginTest -->
